2022-07-19 11:15:01,088 - __main__ - INFO - Token value: Token not available!
2022-07-19 11:15:01,760 - __main__ - INFO - Weather in Berlin: 30.32
2022-07-19 10:09:58,525 - __main__ - INFO - Token value: 1234
2022-07-19 10:09:58,949 - __main__ - INFO - Weather in Berlin: 32.56
2022-07-19 12:17:50,405 - __main__ - INFO - Token value: 1234
2022-07-19 12:17:50,875 - __main__ - INFO - Weather in Berlin: 33.66
2022-07-19 14:09:00,868 - __main__ - INFO - Token value: 1234
2022-07-19 14:09:01,435 - __main__ - INFO - Weather in Berlin: 34.86
2022-07-19 16:12:16,906 - __main__ - INFO - Token value: 1234
2022-07-19 16:12:17,306 - __main__ - INFO - Weather in Berlin: 34.28
2022-07-19 18:10:53,682 - __main__ - INFO - Token value: 1234
2022-07-19 18:10:53,844 - __main__ - INFO - Weather in Berlin: 31.9
2022-07-19 20:09:35,027 - __main__ - INFO - Token value: 1234
2022-07-19 20:09:35,139 - __main__ - INFO - Weather in Berlin: 27.52
2022-07-19 22:09:04,334 - __main__ - INFO - Token value: 1234
2022-07-19 22:09:04,912 - __main__ - INFO - Weather in Berlin: 25.4
2022-07-20 00:46:12,649 - __main__ - INFO - Token value: 1234
2022-07-20 00:46:13,296 - __main__ - INFO - Weather in Berlin: 24.18
2022-07-20 03:36:18,748 - __main__ - INFO - Token value: 1234
2022-07-20 03:36:18,916 - __main__ - INFO - Weather in Berlin: 22.12
2022-07-20 04:30:43,477 - __main__ - INFO - Token value: 1234
2022-07-20 04:30:43,776 - __main__ - INFO - Weather in Berlin: 21.64
2022-07-20 06:11:40,340 - __main__ - INFO - Token value: 1234
2022-07-20 06:11:41,194 - __main__ - INFO - Weather in Berlin: 24.95
2022-07-20 08:12:25,109 - __main__ - INFO - Token value: 1234
2022-07-20 08:12:25,397 - __main__ - INFO - Weather in Berlin: 30.85
2022-07-20 10:09:27,874 - __main__ - INFO - Token value: 1234
2022-07-20 10:09:28,041 - __main__ - INFO - Weather in Berlin: 35.42
2022-07-20 12:16:14,801 - __main__ - INFO - Token value: 1234
2022-07-20 12:16:15,447 - __main__ - INFO - Weather in Berlin: 36.64
2022-07-20 14:10:42,143 - __main__ - INFO - Token value: 1234
2022-07-20 14:10:42,285 - __main__ - INFO - Weather in Berlin: 37.34
2022-07-20 16:11:32,101 - __main__ - INFO - Token value: 1234
2022-07-20 16:11:32,270 - __main__ - INFO - Weather in Berlin: 36.32
2022-07-20 18:11:08,871 - __main__ - INFO - Token value: 1234
2022-07-20 18:11:09,450 - __main__ - INFO - Weather in Berlin: 35.75
2022-07-20 20:10:07,208 - __main__ - INFO - Token value: 1234
2022-07-20 20:10:07,807 - __main__ - INFO - Weather in Berlin: 29.16
2022-07-20 22:08:32,880 - __main__ - INFO - Token value: 1234
2022-07-20 22:08:33,309 - __main__ - INFO - Weather in Berlin: 27.72
2022-07-21 00:51:04,670 - __main__ - INFO - Token value: 1234
2022-07-21 00:51:04,945 - __main__ - INFO - Weather in Berlin: 25.62
2022-07-21 03:32:21,183 - __main__ - INFO - Token value: 1234
2022-07-21 03:32:21,622 - __main__ - INFO - Weather in Berlin: 24.17
2022-07-21 04:33:49,059 - __main__ - INFO - Token value: 1234
2022-07-21 04:33:49,712 - __main__ - INFO - Weather in Berlin: 23.8
2022-07-21 06:11:40,676 - __main__ - INFO - Token value: 1234
2022-07-21 06:11:41,078 - __main__ - INFO - Weather in Berlin: 24.1
2022-07-21 08:11:51,774 - __main__ - INFO - Token value: 1234
2022-07-21 08:11:51,925 - __main__ - INFO - Weather in Berlin: 26.61
2022-07-21 10:10:48,231 - __main__ - INFO - Token value: 1234
2022-07-21 10:10:48,658 - __main__ - INFO - Weather in Berlin: 29.39
2022-07-21 12:16:51,452 - __main__ - INFO - Token value: 1234
2022-07-21 12:16:52,210 - __main__ - INFO - Weather in Berlin: 29.02
2022-07-21 14:10:13,059 - __main__ - INFO - Token value: 1234
2022-07-21 14:10:13,760 - __main__ - INFO - Weather in Berlin: 24.62
2022-07-21 16:11:48,481 - __main__ - INFO - Token value: 1234
2022-07-21 16:11:49,254 - __main__ - INFO - Weather in Berlin: 24.51
2022-07-21 18:11:19,590 - __main__ - INFO - Token value: 1234
2022-07-21 18:11:19,965 - __main__ - INFO - Weather in Berlin: 25.79
2022-07-21 20:10:30,244 - __main__ - INFO - Token value: 1234
2022-07-21 20:10:30,328 - __main__ - INFO - Weather in Berlin: 22.77
2022-07-25 00:44:39,700 - __main__ - INFO - Token value: 1234
2022-07-25 00:44:40,082 - __main__ - INFO - Weather in Berlin: 19.9
2022-08-01 00:54:12,206 - __main__ - INFO - Token value: 1234
2022-08-01 00:54:12,694 - __main__ - INFO - Weather in Berlin: 20.23
2022-08-08 00:40:42,506 - __main__ - INFO - Token value: 1234
2022-08-08 00:40:42,610 - __main__ - INFO - Weather in Berlin: 16.92
2022-08-15 00:44:48,218 - __main__ - INFO - Token value: 1234
2022-08-15 00:44:48,828 - __main__ - INFO - Weather in Berlin: 22.05
2022-08-22 00:46:22,483 - __main__ - INFO - Token value: 1234
2022-08-22 00:46:22,604 - __main__ - INFO - Weather in Berlin: 16.54
2022-08-29 00:51:03,885 - __main__ - INFO - Token value: 1234
2022-08-29 00:51:04,463 - __main__ - INFO - Weather in Berlin: 13.61
2022-09-05 00:54:44,539 - __main__ - INFO - Token value: 1234
2022-09-05 00:54:45,065 - __main__ - INFO - Weather in Berlin: 15.8
2022-09-12 00:48:56,255 - __main__ - INFO - Token value: 1234
2022-09-12 00:48:56,362 - __main__ - INFO - Weather in Berlin: 12.68
2022-09-19 00:51:28,986 - __main__ - INFO - Token value: 1234
2022-09-19 00:51:29,073 - __main__ - INFO - Weather in Berlin: 8.79
2022-09-26 00:54:36,285 - __main__ - INFO - Token value: 1234
2022-09-26 00:54:36,670 - __main__ - INFO - Weather in Berlin: 11.75
2022-10-03 00:53:53,511 - __main__ - INFO - Token value: 1234
2022-10-03 00:53:54,115 - __main__ - INFO - Weather in Berlin: 11.07
2022-10-10 00:59:22,592 - __main__ - INFO - Token value: 1234
2022-10-10 00:59:22,684 - __main__ - INFO - Weather in Berlin: 7.73
2022-10-17 01:03:34,041 - __main__ - INFO - Token value: 1234
2022-10-17 01:03:34,808 - __main__ - INFO - Weather in Berlin: 13.02
2022-10-24 01:05:23,964 - __main__ - INFO - Token value: 1234
2022-10-24 01:05:24,197 - __main__ - INFO - Weather in Berlin: 13.27
2022-10-31 00:56:50,347 - __main__ - INFO - Token value: 1234
2022-10-31 00:56:50,781 - __main__ - INFO - Weather in Berlin: 13.45
2022-11-07 00:46:30,914 - __main__ - INFO - Token value: 1234
2022-11-07 00:46:31,482 - __main__ - INFO - Weather in Berlin: 6.9
2022-11-14 00:42:53,014 - __main__ - INFO - Token value: 1234
2022-11-14 00:42:53,136 - __main__ - INFO - Weather in Berlin: 6.58
2022-11-21 00:44:54,383 - __main__ - INFO - Token value: 1234
2022-11-21 00:44:54,891 - __main__ - INFO - Weather in Berlin: -1.89
2022-11-28 00:38:10,868 - __main__ - INFO - Token value: 1234
2022-11-28 00:38:10,962 - __main__ - INFO - Weather in Berlin: 4.03
2022-12-05 00:37:36,747 - __main__ - INFO - Token value: 1234
2022-12-05 00:37:37,346 - __main__ - INFO - Weather in Berlin: 2.48
2022-12-12 00:40:48,194 - __main__ - INFO - Token value: 1234
2022-12-12 00:40:48,347 - __main__ - INFO - Weather in Berlin: -1.51
2022-12-19 00:34:22,668 - __main__ - INFO - Token value: 1234
2022-12-19 00:34:23,349 - __main__ - INFO - Weather in Berlin: -4.73
2022-12-26 00:37:57,455 - __main__ - INFO - Token value: 1234
2022-12-26 00:37:58,555 - __main__ - INFO - Weather in Berlin: 8.58
2023-01-02 00:37:45,571 - __main__ - INFO - Token value: 1234
2023-01-02 00:37:46,198 - __main__ - INFO - Weather in Berlin: 11.86
2023-01-09 00:37:48,669 - __main__ - INFO - Token value: 1234
2023-01-09 00:37:49,006 - __main__ - INFO - Weather in Berlin: 5.01
2023-01-16 00:38:39,973 - __main__ - INFO - Token value: 1234
2023-01-16 00:38:40,358 - __main__ - INFO - Weather in Berlin: 4.9
2023-01-23 00:37:11,897 - __main__ - INFO - Token value: 1234
2023-01-23 00:37:12,431 - __main__ - INFO - Weather in Berlin: 1.65
2023-01-30 00:35:30,776 - __main__ - INFO - Token value: 1234
2023-01-30 00:35:31,351 - __main__ - INFO - Weather in Berlin: 1.63
2023-02-06 00:37:40,919 - __main__ - INFO - Token value: 1234
2023-02-06 00:37:41,397 - __main__ - INFO - Weather in Berlin: -2.01
2023-02-13 00:41:55,645 - __main__ - INFO - Token value: 1234
2023-02-13 00:41:56,334 - __main__ - INFO - Weather in Berlin: 7.16
2023-02-20 00:42:40,136 - __main__ - INFO - Token value: 1234
2023-02-20 00:42:40,714 - __main__ - INFO - Weather in Berlin: 2.39
2023-02-27 00:41:12,914 - __main__ - INFO - Token value: 1234
2023-02-27 00:41:13,506 - __main__ - INFO - Weather in Berlin: -1.34
2023-03-06 00:41:41,381 - __main__ - INFO - Token value: 1234
2023-03-06 00:41:41,518 - __main__ - INFO - Weather in Berlin: 0.94
2023-03-13 00:39:58,538 - __main__ - INFO - Token value: 1234
2023-03-13 00:39:58,984 - __main__ - INFO - Weather in Berlin: 5.94
2023-03-20 00:40:52,346 - __main__ - INFO - Token value: 1234
2023-03-20 00:40:52,864 - __main__ - INFO - Weather in Berlin: 10.36
2023-03-27 00:37:03,135 - __main__ - INFO - Token value: 1234
2023-03-27 00:37:03,579 - __main__ - INFO - Weather in Berlin: 4.49
2023-04-03 00:37:03,535 - __main__ - INFO - Token value: 1234
2023-04-03 00:37:03,887 - __main__ - INFO - Weather in Berlin: 1.06
2023-04-10 00:36:03,126 - __main__ - INFO - Token value: 1234
2023-04-10 00:36:03,601 - __main__ - INFO - Weather in Berlin: 6.65
2023-04-17 00:38:11,628 - __main__ - INFO - Token value: 1234
2023-04-17 00:38:11,958 - __main__ - INFO - Weather in Berlin: 7.47
2023-04-24 00:37:25,968 - __main__ - INFO - Token value: 1234
2023-04-24 00:37:26,548 - __main__ - INFO - Weather in Berlin: 11.24
2023-05-01 00:38:28,593 - __main__ - INFO - Token value: 1234
2023-05-01 00:38:29,237 - __main__ - INFO - Weather in Berlin: 4.74
2023-05-08 00:35:59,553 - __main__ - INFO - Token value: 1234
2023-05-08 00:36:00,012 - __main__ - INFO - Weather in Berlin: 8.12
2023-05-15 00:37:43,779 - __main__ - INFO - Token value: 1234
2023-05-15 00:37:44,323 - __main__ - INFO - Weather in Berlin: 13.01
2023-05-22 00:38:44,183 - __main__ - INFO - Token value: 1234
2023-05-22 00:38:44,825 - __main__ - INFO - Weather in Berlin: 18.93
2023-05-29 00:38:32,685 - __main__ - INFO - Token value: 1234
2023-05-29 00:38:33,317 - __main__ - INFO - Weather in Berlin: 13.49
2023-06-05 00:42:16,214 - __main__ - INFO - Token value: 1234
2023-06-05 00:42:16,354 - __main__ - INFO - Weather in Berlin: 12.54
2023-06-12 00:44:40,761 - __main__ - INFO - Token value: 1234
2023-06-12 00:44:41,287 - __main__ - INFO - Weather in Berlin: 17.95
2023-06-19 00:41:31,896 - __main__ - INFO - Token value: 1234
2023-06-19 00:41:32,077 - __main__ - INFO - Weather in Berlin: 17.46
2023-06-26 00:48:35,778 - __main__ - INFO - Token value: 1234
2023-06-26 00:48:35,965 - __main__ - INFO - Weather in Berlin: 19.96
2023-07-03 00:47:50,515 - __main__ - INFO - Token value: 1234
2023-07-03 00:47:51,503 - __main__ - INFO - Weather in Berlin: 14.82
2023-07-10 00:47:49,548 - __main__ - INFO - Token value: 1234
2023-07-10 00:47:50,169 - __main__ - INFO - Weather in Berlin: 21.4
2023-07-17 00:50:57,487 - __main__ - INFO - Token value: 1234
2023-07-17 00:50:58,057 - __main__ - INFO - Weather in Berlin: 17.68
2023-07-24 00:41:28,744 - __main__ - INFO - Token value: 1234
2023-07-24 00:41:29,341 - __main__ - INFO - Weather in Berlin: 19.18
2023-07-31 00:41:40,366 - __main__ - INFO - Token value: 1234
2023-07-31 00:41:40,950 - __main__ - INFO - Weather in Berlin: 15.06
2023-08-07 00:39:33,017 - __main__ - INFO - Token value: 1234
2023-08-07 00:39:33,591 - __main__ - INFO - Weather in Berlin: 14.24
2023-08-14 00:32:09,980 - __main__ - INFO - Token value: 1234
2023-08-14 00:32:10,569 - __main__ - INFO - Weather in Berlin: 19.18
2023-08-21 00:31:40,538 - __main__ - INFO - Token value: 1234
2023-08-21 00:31:41,217 - __main__ - INFO - Weather in Berlin: 20.29
2023-08-28 00:32:45,300 - __main__ - INFO - Token value: 1234
2023-08-28 00:32:45,759 - __main__ - INFO - Weather in Berlin: 15.49
2023-09-04 00:32:51,578 - __main__ - INFO - Token value: 1234
2023-09-04 00:32:51,721 - __main__ - INFO - Weather in Berlin: 13.88
2023-09-11 00:33:02,029 - __main__ - INFO - Token value: 1234
2023-09-11 00:33:02,311 - __main__ - INFO - Weather in Berlin: 19.79
2023-09-18 00:33:08,034 - __main__ - INFO - Token value: 1234
2023-09-18 00:33:08,622 - __main__ - INFO - Weather in Berlin: 18.77
2023-09-25 00:33:31,589 - __main__ - INFO - Token value: 1234
2023-09-25 00:33:32,204 - __main__ - INFO - Weather in Berlin: 11.97
2023-10-02 00:33:45,247 - __main__ - INFO - Token value: 1234
2023-10-02 00:33:45,432 - __main__ - INFO - Weather in Berlin: 16.15
2023-10-09 00:33:46,073 - __main__ - INFO - Token value: 1234
2023-10-09 00:33:46,678 - __main__ - INFO - Weather in Berlin: 10.35
2023-10-16 00:34:12,581 - __main__ - INFO - Token value: 1234
2023-10-16 00:34:13,068 - __main__ - INFO - Weather in Berlin: 6.05
2023-10-23 00:33:38,346 - __main__ - INFO - Token value: 1234
2023-10-23 00:33:38,481 - __main__ - INFO - Weather in Berlin: 11.05
2023-10-30 00:34:04,551 - __main__ - INFO - Token value: 1234
2023-10-30 00:34:05,043 - __main__ - INFO - Weather in Berlin: 12.19
2023-11-06 00:34:49,810 - __main__ - INFO - Token value: 1234
2023-11-06 00:34:50,132 - __main__ - INFO - Weather in Berlin: 10.48
2023-11-13 00:35:20,583 - __main__ - INFO - Token value: 1234
2023-11-13 00:35:21,202 - __main__ - INFO - Weather in Berlin: 6.07
2023-11-16 08:21:17,406 - __main__ - INFO - Token value: 
2023-11-16 08:21:17,884 - __main__ - INFO - Weather in Berlin: 7.77
2023-11-17 08:21:00,927 - __main__ - INFO - Token value: 
2023-11-17 08:21:01,354 - __main__ - INFO - Weather in Berlin: 3.73
2023-11-18 08:19:27,733 - __main__ - INFO - Token value: 
2023-11-18 08:19:28,187 - __main__ - INFO - Weather in Berlin: 4.4
2023-11-19 08:19:32,577 - __main__ - INFO - Token value: 
2023-11-19 08:19:32,887 - __main__ - INFO - Weather in Berlin: 4.98
2023-11-20 08:22:40,627 - __main__ - INFO - Token value: 
2023-11-20 08:22:40,737 - __main__ - INFO - Weather in Berlin: 9.65
2023-11-21 08:21:58,373 - __main__ - INFO - Token value: 
2023-11-21 08:21:58,618 - __main__ - INFO - Weather in Berlin: 4.7
2023-11-22 08:21:43,637 - __main__ - INFO - Token value: 
2023-11-22 08:21:43,779 - __main__ - INFO - Weather in Berlin: -1.73
2023-11-23 08:20:51,747 - __main__ - INFO - Token value: 
2023-11-23 08:20:51,858 - __main__ - INFO - Weather in Berlin: 6.15
2023-11-24 08:20:39,194 - __main__ - INFO - Token value: 
2023-11-24 08:20:39,556 - __main__ - INFO - Weather in Berlin: 4.59
2023-11-25 08:19:10,729 - __main__ - INFO - Token value: 
2023-11-25 08:19:11,074 - __main__ - INFO - Weather in Berlin: 0.49
2023-11-26 08:19:08,961 - __main__ - INFO - Token value: 
2023-11-26 08:19:09,111 - __main__ - INFO - Weather in Berlin: -0.57
2023-11-27 08:22:41,104 - __main__ - INFO - Token value: 
2023-11-27 08:22:41,249 - __main__ - INFO - Weather in Berlin: -0.09
2023-11-28 08:21:27,700 - __main__ - INFO - Token value: 
2023-11-28 08:21:27,848 - __main__ - INFO - Weather in Berlin: -1.23
2023-11-29 08:21:55,099 - __main__ - INFO - Token value: 
2023-11-29 08:21:55,253 - __main__ - INFO - Weather in Berlin: -2.05
2023-11-30 08:21:14,940 - __main__ - INFO - Token value: 
2023-11-30 08:21:15,471 - __main__ - INFO - Weather in Berlin: -2.64
2023-12-01 08:21:30,491 - __main__ - INFO - Token value: 
2023-12-01 08:21:30,867 - __main__ - INFO - Weather in Berlin: -5.42
2023-12-02 08:19:06,788 - __main__ - INFO - Token value: 
2023-12-02 08:19:06,928 - __main__ - INFO - Weather in Berlin: -5.55
2023-12-03 08:19:31,864 - __main__ - INFO - Token value: 
2023-12-03 08:19:32,399 - __main__ - INFO - Weather in Berlin: -1.77
2023-12-04 08:21:57,194 - __main__ - INFO - Token value: 
2023-12-04 08:21:57,336 - __main__ - INFO - Weather in Berlin: -3.55
2023-12-05 08:21:47,762 - __main__ - INFO - Token value: 
2023-12-05 08:21:47,881 - __main__ - INFO - Weather in Berlin: -1.59
2023-12-06 08:21:44,782 - __main__ - INFO - Token value: 
2023-12-06 08:21:45,190 - __main__ - INFO - Weather in Berlin: 0.35
2023-12-07 08:21:28,260 - __main__ - INFO - Token value: 
2023-12-07 08:21:28,730 - __main__ - INFO - Weather in Berlin: 0.97
2023-12-08 08:21:34,690 - __main__ - INFO - Token value: 
2023-12-08 08:21:35,469 - __main__ - INFO - Weather in Berlin: 0.83
2023-12-09 08:19:35,111 - __main__ - INFO - Token value: 
2023-12-09 08:19:35,768 - __main__ - INFO - Weather in Berlin: 2.62
2023-12-10 08:19:58,192 - __main__ - INFO - Token value: 
2023-12-10 08:19:58,762 - __main__ - INFO - Weather in Berlin: 3.83
2023-12-11 08:22:32,012 - __main__ - INFO - Token value: 
2023-12-11 08:22:32,249 - __main__ - INFO - Weather in Berlin: 7.99
2023-12-12 08:21:50,607 - __main__ - INFO - Token value: 
2023-12-12 08:21:51,287 - __main__ - INFO - Weather in Berlin: 6.25
2023-12-13 08:21:24,338 - __main__ - INFO - Token value: 
2023-12-13 08:21:24,623 - __main__ - INFO - Weather in Berlin: 4.83
2023-12-14 08:21:21,166 - __main__ - INFO - Token value: 
2023-12-14 08:21:21,799 - __main__ - INFO - Weather in Berlin: 3.1
2023-12-15 08:21:58,794 - __main__ - INFO - Token value: 
2023-12-15 08:21:59,836 - __main__ - INFO - Weather in Berlin: 1.64
2023-12-16 08:19:36,522 - __main__ - INFO - Token value: 
2023-12-16 08:19:37,156 - __main__ - INFO - Weather in Berlin: 6.53
2023-12-17 08:19:29,599 - __main__ - INFO - Token value: 
2023-12-17 08:19:30,813 - __main__ - INFO - Weather in Berlin: 8.83
2023-12-18 08:22:09,963 - __main__ - INFO - Token value: 
2023-12-18 08:22:11,201 - __main__ - INFO - Weather in Berlin: 6.9
2023-12-19 08:21:40,564 - __main__ - INFO - Token value: 
2023-12-19 08:21:40,708 - __main__ - INFO - Weather in Berlin: 6.72
2023-12-20 08:17:04,282 - __main__ - INFO - Token value: 
2023-12-20 08:17:05,079 - __main__ - INFO - Weather in Berlin: 5.11
2023-12-21 08:21:03,466 - __main__ - INFO - Token value: 
2023-12-21 08:21:04,064 - __main__ - INFO - Weather in Berlin: 7.43
2023-12-22 08:20:21,189 - __main__ - INFO - Token value: 
2023-12-22 08:20:21,527 - __main__ - INFO - Weather in Berlin: 3.21
2023-12-23 08:19:48,456 - __main__ - INFO - Token value: 
2023-12-23 08:19:49,169 - __main__ - INFO - Weather in Berlin: 2.14
2023-12-24 08:19:12,210 - __main__ - INFO - Token value: 
2023-12-24 08:19:13,585 - __main__ - INFO - Weather in Berlin: 7.31
2023-12-25 08:20:59,896 - __main__ - INFO - Token value: 
2023-12-25 08:21:00,239 - __main__ - INFO - Weather in Berlin: 10.74
2023-12-26 08:20:17,537 - __main__ - INFO - Token value: 
2023-12-26 08:20:18,570 - __main__ - INFO - Weather in Berlin: 8.91
2023-12-27 08:20:03,508 - __main__ - INFO - Token value: 
2023-12-27 08:20:03,837 - __main__ - INFO - Weather in Berlin: 3.22
2023-12-28 08:20:49,904 - __main__ - INFO - Token value: 
2023-12-28 08:20:50,906 - __main__ - INFO - Weather in Berlin: 8.28
2023-12-29 08:20:00,987 - __main__ - INFO - Token value: 
2023-12-29 08:20:02,033 - __main__ - INFO - Weather in Berlin: 9.53
2023-12-30 08:19:28,481 - __main__ - INFO - Token value: 
2023-12-30 08:19:29,521 - __main__ - INFO - Weather in Berlin: 5.75
2023-12-31 08:19:29,066 - __main__ - INFO - Token value: 
2023-12-31 08:19:29,783 - __main__ - INFO - Weather in Berlin: 4.98
2024-01-01 08:21:28,324 - __main__ - INFO - Token value: 
2024-01-01 08:21:29,163 - __main__ - INFO - Weather in Berlin: 5.34
2024-01-02 08:20:56,567 - __main__ - INFO - Token value: 
2024-01-02 08:20:57,439 - __main__ - INFO - Weather in Berlin: 3.66
2024-01-03 08:21:23,634 - __main__ - INFO - Token value: 
2024-01-03 08:21:24,456 - __main__ - INFO - Weather in Berlin: 9.31
2024-01-04 08:20:18,635 - __main__ - INFO - Token value: 
2024-01-04 08:20:19,234 - __main__ - INFO - Weather in Berlin: 6.65
2024-01-05 08:21:11,328 - __main__ - INFO - Token value: 
2024-01-05 08:21:12,358 - __main__ - INFO - Weather in Berlin: 0.17
2024-01-06 08:19:36,457 - __main__ - INFO - Token value: 
2024-01-06 08:19:37,370 - __main__ - INFO - Weather in Berlin: 0.28
2024-01-07 08:19:52,373 - __main__ - INFO - Token value: 
2024-01-07 08:19:52,710 - __main__ - INFO - Weather in Berlin: -2.53
2024-01-08 08:22:34,619 - __main__ - INFO - Token value: 
2024-01-08 08:22:35,284 - __main__ - INFO - Weather in Berlin: -7.81
2024-01-09 08:21:40,391 - __main__ - INFO - Token value: 
2024-01-09 08:21:41,430 - __main__ - INFO - Weather in Berlin: -8.9
2024-01-11 08:22:03,383 - __main__ - INFO - Token value: 
2024-01-11 08:22:04,108 - __main__ - INFO - Weather in Berlin: -3.55
2024-01-12 08:22:00,370 - __main__ - INFO - Token value: 
2024-01-12 08:22:00,957 - __main__ - INFO - Weather in Berlin: -0.39
2024-01-13 08:20:11,497 - __main__ - INFO - Token value: 
2024-01-13 08:20:12,655 - __main__ - INFO - Weather in Berlin: 1.58
2024-01-14 08:19:56,165 - __main__ - INFO - Token value: 
2024-01-14 08:19:57,395 - __main__ - INFO - Weather in Berlin: 2.07
2024-01-15 08:22:51,159 - __main__ - INFO - Token value: 
2024-01-15 08:22:51,517 - __main__ - INFO - Weather in Berlin: 2.09
2024-01-16 08:21:53,198 - __main__ - INFO - Token value: 
2024-01-16 08:21:53,862 - __main__ - INFO - Weather in Berlin: -1.88
2024-01-17 08:22:04,782 - __main__ - INFO - Token value: 
2024-01-17 08:22:05,505 - __main__ - INFO - Weather in Berlin: -4.12
2024-01-18 08:21:09,445 - __main__ - INFO - Token value: 
2024-01-18 08:21:10,149 - __main__ - INFO - Weather in Berlin: -2.13
2024-01-19 08:21:43,151 - __main__ - INFO - Token value: 
2024-01-19 08:21:43,702 - __main__ - INFO - Weather in Berlin: -1.97
2024-01-20 08:20:25,375 - __main__ - INFO - Token value: 
2024-01-20 08:20:25,959 - __main__ - INFO - Weather in Berlin: 0.57
2024-01-21 08:20:21,370 - __main__ - INFO - Token value: 
2024-01-21 08:20:21,937 - __main__ - INFO - Weather in Berlin: -2.96
2024-01-22 08:23:06,055 - __main__ - INFO - Token value: 
2024-01-22 08:23:06,718 - __main__ - INFO - Weather in Berlin: 6.81
2024-01-23 08:22:16,663 - __main__ - INFO - Token value: 
2024-01-23 08:22:17,320 - __main__ - INFO - Weather in Berlin: 5.33
2024-01-24 08:22:02,877 - __main__ - INFO - Token value: 
2024-01-24 08:22:03,443 - __main__ - INFO - Weather in Berlin: 9.67
2024-01-25 08:21:54,709 - __main__ - INFO - Token value: 
2024-01-25 08:21:55,084 - __main__ - INFO - Weather in Berlin: 7.54
2024-01-26 08:19:38,592 - __main__ - INFO - Token value: 
2024-01-26 08:19:39,291 - __main__ - INFO - Weather in Berlin: 2.2
2024-01-27 08:18:21,802 - __main__ - INFO - Token value: 
2024-01-27 08:18:22,288 - __main__ - INFO - Weather in Berlin: 4.91
2024-01-28 08:19:37,617 - __main__ - INFO - Token value: 
2024-01-28 08:19:37,891 - __main__ - INFO - Weather in Berlin: -0.19
2024-01-29 08:19:53,689 - __main__ - INFO - Token value: 
2024-01-29 08:19:54,455 - __main__ - INFO - Weather in Berlin: 1.36
2024-01-30 08:19:23,993 - __main__ - INFO - Token value: 
2024-01-30 08:19:24,236 - __main__ - INFO - Weather in Berlin: 2.15
2024-01-31 08:19:19,894 - __main__ - INFO - Token value: 
2024-01-31 08:19:20,158 - __main__ - INFO - Weather in Berlin: 5.46
2024-02-01 08:19:57,535 - __main__ - INFO - Token value: 
2024-02-02 08:53:12,081 - __main__ - INFO - Token value: 
2024-02-03 08:18:54,065 - __main__ - INFO - Token value: 
2024-02-04 08:18:40,415 - __main__ - INFO - Token value: 
2024-02-05 08:20:16,580 - __main__ - INFO - Token value: 
2024-02-06 08:20:19,583 - __main__ - INFO - Token value: 
2024-02-07 08:19:14,676 - __main__ - INFO - Token value: 
2024-02-08 08:19:26,434 - __main__ - INFO - Token value: 
2024-02-09 08:19:04,440 - __main__ - INFO - Token value: 
2024-02-10 08:17:56,490 - __main__ - INFO - Token value: 
2024-02-11 08:19:01,124 - __main__ - INFO - Token value: 
2024-02-12 08:20:35,063 - __main__ - INFO - Token value: 
2024-02-13 08:20:23,010 - __main__ - INFO - Token value: 
2024-02-14 08:20:14,403 - __main__ - INFO - Token value: 
2024-02-15 08:19:48,318 - __main__ - INFO - Token value: 
2024-02-16 08:19:49,615 - __main__ - INFO - Token value: 
2024-02-17 08:18:31,738 - __main__ - INFO - Token value: 
2024-02-18 08:19:23,099 - __main__ - INFO - Token value: 
2024-02-19 08:20:48,370 - __main__ - INFO - Token value: 
2024-02-20 08:19:45,370 - __main__ - INFO - Token value: 
2024-02-21 08:21:35,371 - __main__ - INFO - Token value: 
2024-02-22 08:20:25,942 - __main__ - INFO - Token value: 
2024-02-23 08:20:30,348 - __main__ - INFO - Token value: 
2024-02-24 08:18:06,587 - __main__ - INFO - Token value: 
2024-02-25 08:18:11,545 - __main__ - INFO - Token value: 
2024-02-26 08:19:59,035 - __main__ - INFO - Token value: 
2024-02-27 08:19:24,119 - __main__ - INFO - Token value: 
2024-02-28 08:19:56,993 - __main__ - INFO - Token value: 
2024-02-29 08:19:25,993 - __main__ - INFO - Token value: 
2024-03-01 08:19:44,583 - __main__ - INFO - Token value: 
2024-03-02 08:18:12,164 - __main__ - INFO - Token value: 
2024-03-03 08:21:04,902 - __main__ - INFO - Token value: 
2024-03-04 10:05:37,951 - __main__ - INFO - Token value: 
2024-03-05 08:20:16,720 - __main__ - INFO - Token value: 
2024-03-06 08:21:26,755 - __main__ - INFO - Token value: 
2024-03-07 08:16:16,932 - __main__ - INFO - Token value: 
2024-03-08 08:20:30,452 - __main__ - INFO - Token value: 
2024-03-09 08:18:16,517 - __main__ - INFO - Token value: 
2024-03-10 08:19:49,982 - __main__ - INFO - Token value: 
2024-03-11 08:20:43,309 - __main__ - INFO - Token value: 
2024-03-12 08:19:41,441 - __main__ - INFO - Token value: 
2024-03-13 08:19:48,182 - __main__ - INFO - Token value: 
2024-03-14 08:19:45,387 - __main__ - INFO - Token value: 
2024-03-15 08:20:14,418 - __main__ - INFO - Token value: 
2024-03-16 08:18:51,281 - __main__ - INFO - Token value: 
2024-03-17 08:18:13,346 - __main__ - INFO - Token value: 
2024-03-18 08:20:03,222 - __main__ - INFO - Token value: 
2024-03-19 08:19:51,397 - __main__ - INFO - Token value: 
2024-03-20 08:19:59,367 - __main__ - INFO - Token value: 
2024-03-21 08:19:28,968 - __main__ - INFO - Token value: 
2024-03-22 08:20:19,124 - __main__ - INFO - Token value: 
2024-03-23 08:18:13,440 - __main__ - INFO - Token value: 
2024-03-24 08:18:25,671 - __main__ - INFO - Token value: 
2024-03-25 08:21:48,240 - __main__ - INFO - Token value: 
2024-03-26 08:19:41,929 - __main__ - INFO - Token value: 
2024-03-27 08:21:19,877 - __main__ - INFO - Token value: 
2024-03-28 08:19:41,274 - __main__ - INFO - Token value: 
2024-03-29 08:19:51,049 - __main__ - INFO - Token value: 
2024-03-30 08:20:19,004 - __main__ - INFO - Token value: 
2024-03-31 08:20:25,714 - __main__ - INFO - Token value: 
2024-04-01 08:22:28,571 - __main__ - INFO - Token value: 
2024-04-02 08:20:31,398 - __main__ - INFO - Token value: 
2024-04-03 08:20:38,783 - __main__ - INFO - Token value: 
2024-04-04 08:21:10,716 - __main__ - INFO - Token value: 
2024-04-06 08:19:32,956 - __main__ - INFO - Token value: 
2024-04-07 08:21:22,176 - __main__ - INFO - Token value: 
2024-04-08 08:20:50,626 - __main__ - INFO - Token value: 
2024-04-09 08:20:37,182 - __main__ - INFO - Token value: 
2024-04-10 08:23:33,294 - __main__ - INFO - Token value: 
2024-04-11 08:22:54,045 - __main__ - INFO - Token value: 
2024-04-12 08:21:08,248 - __main__ - INFO - Token value: 
2024-04-13 08:15:47,606 - __main__ - INFO - Token value: 
2024-04-14 10:42:02,871 - __main__ - INFO - Token value: 
2024-04-15 08:17:07,164 - __main__ - INFO - Token value: 
2024-04-16 08:20:31,711 - __main__ - INFO - Token value: 
2024-04-17 08:20:26,112 - __main__ - INFO - Token value: 
2024-04-18 08:21:24,896 - __main__ - INFO - Token value: 
2024-04-19 08:20:47,027 - __main__ - INFO - Token value: 
2024-04-20 08:18:27,813 - __main__ - INFO - Token value: 
2024-04-21 08:19:12,773 - __main__ - INFO - Token value: 
2024-04-22 08:22:32,856 - __main__ - INFO - Token value: 
2024-04-23 08:20:48,566 - __main__ - INFO - Token value: 
2024-04-24 08:22:15,568 - __main__ - INFO - Token value: 
2024-04-25 08:22:14,915 - __main__ - INFO - Token value: 
2024-04-26 08:20:53,249 - __main__ - INFO - Token value: 
2024-04-27 08:20:21,558 - __main__ - INFO - Token value: 
2024-04-28 08:20:59,765 - __main__ - INFO - Token value: 
2024-04-29 08:22:46,838 - __main__ - INFO - Token value: 
2024-04-30 08:21:42,282 - __main__ - INFO - Token value: 
2024-05-01 08:24:37,994 - __main__ - INFO - Token value: 
2024-05-02 08:21:24,806 - __main__ - INFO - Token value: 
2024-05-03 08:20:25,767 - __main__ - INFO - Token value: 
2024-05-04 08:19:25,470 - __main__ - INFO - Token value: 
2024-05-05 08:19:37,577 - __main__ - INFO - Token value: 
2024-05-06 08:22:20,741 - __main__ - INFO - Token value: 
2024-05-07 08:20:56,879 - __main__ - INFO - Token value: 
2024-05-08 08:19:36,263 - __main__ - INFO - Token value: 
2024-05-09 08:21:25,989 - __main__ - INFO - Token value: 
2024-05-10 08:21:16,399 - __main__ - INFO - Token value: 
2024-05-11 08:20:38,729 - __main__ - INFO - Token value: 
2024-05-12 08:20:51,369 - __main__ - INFO - Token value: 
2024-05-13 08:22:58,473 - __main__ - INFO - Token value: 
2024-05-14 08:23:14,656 - __main__ - INFO - Token value: 
2024-05-15 08:22:18,128 - __main__ - INFO - Token value: 
2024-05-16 08:17:59,432 - __main__ - INFO - Token value: 
2024-05-17 08:21:40,725 - __main__ - INFO - Token value: 
2024-05-18 08:19:33,901 - __main__ - INFO - Token value: 
2024-05-19 08:19:57,349 - __main__ - INFO - Token value: 
2024-05-20 08:22:16,206 - __main__ - INFO - Token value: 
2024-05-21 08:21:45,398 - __main__ - INFO - Token value: 
2024-05-22 08:23:05,772 - __main__ - INFO - Token value: 
2024-05-23 08:21:35,225 - __main__ - INFO - Token value: 
2024-05-24 08:21:43,275 - __main__ - INFO - Token value: 
2024-05-25 08:21:15,284 - __main__ - INFO - Token value: 
2024-05-26 08:20:57,615 - __main__ - INFO - Token value: 
2024-05-27 08:22:36,597 - __main__ - INFO - Token value: 
2024-05-28 08:23:41,040 - __main__ - INFO - Token value: 
2024-05-29 08:23:38,865 - __main__ - INFO - Token value: 
2024-05-30 08:22:48,553 - __main__ - INFO - Token value: 
2024-05-31 08:22:44,388 - __main__ - INFO - Token value: 
2024-06-01 08:21:22,582 - __main__ - INFO - Token value: 
2024-06-02 08:20:27,385 - __main__ - INFO - Token value: 
2024-06-03 08:23:21,280 - __main__ - INFO - Token value: 
2024-06-04 08:22:15,848 - __main__ - INFO - Token value: 
2024-06-05 08:22:05,061 - __main__ - INFO - Token value: 
2024-06-06 08:22:50,345 - __main__ - INFO - Token value: 
2024-06-07 08:22:33,857 - __main__ - INFO - Token value: 
2024-06-08 08:20:10,052 - __main__ - INFO - Token value: 
2024-06-09 08:20:28,022 - __main__ - INFO - Token value: 
2024-06-10 08:23:42,830 - __main__ - INFO - Token value: 
2024-06-11 08:23:20,998 - __main__ - INFO - Token value: 
2024-06-12 08:22:45,180 - __main__ - INFO - Token value: 
2024-06-13 08:22:35,220 - __main__ - INFO - Token value: 
2024-06-14 08:22:01,192 - __main__ - INFO - Token value: 
2024-06-15 08:21:16,136 - __main__ - INFO - Token value: 
2024-06-16 08:20:30,342 - __main__ - INFO - Token value: 
2024-06-17 08:23:37,162 - __main__ - INFO - Token value: 
2024-06-18 08:23:32,707 - __main__ - INFO - Token value: 
2024-06-19 08:22:59,572 - __main__ - INFO - Token value: 
2024-06-20 08:23:08,550 - __main__ - INFO - Token value: 
2024-06-21 08:22:31,236 - __main__ - INFO - Token value: 
2024-06-22 08:21:37,612 - __main__ - INFO - Token value: 
2024-06-23 08:20:13,198 - __main__ - INFO - Token value: 
2024-06-24 08:23:12,293 - __main__ - INFO - Token value: 
2024-06-25 08:23:17,180 - __main__ - INFO - Token value: 
2024-06-26 08:23:06,343 - __main__ - INFO - Token value: 
2024-06-27 08:22:31,900 - __main__ - INFO - Token value: 
2024-06-28 08:22:16,468 - __main__ - INFO - Token value: 
2024-06-29 08:22:01,912 - __main__ - INFO - Token value: 
2024-06-30 08:21:14,671 - __main__ - INFO - Token value: 
2024-07-01 08:23:50,889 - __main__ - INFO - Token value: 
2024-07-02 08:22:50,126 - __main__ - INFO - Token value: 
2024-07-03 08:23:09,654 - __main__ - INFO - Token value: 
2024-07-04 08:23:12,360 - __main__ - INFO - Token value: 
2024-07-05 08:22:14,887 - __main__ - INFO - Token value: 
2024-07-06 08:22:48,025 - __main__ - INFO - Token value: 
2024-07-07 08:20:54,328 - __main__ - INFO - Token value: 
2024-07-08 08:23:37,957 - __main__ - INFO - Token value: 
2024-07-09 08:22:45,841 - __main__ - INFO - Token value: 
2024-07-10 08:24:33,961 - __main__ - INFO - Token value: 
2024-07-11 08:22:52,838 - __main__ - INFO - Token value: 
2024-07-12 08:23:50,927 - __main__ - INFO - Token value: 
2024-07-13 08:20:54,562 - __main__ - INFO - Token value: 
2024-07-14 08:24:40,338 - __main__ - INFO - Token value: 
2024-07-15 08:24:08,516 - __main__ - INFO - Token value: 
2024-07-16 08:24:08,333 - __main__ - INFO - Token value: 
2024-07-17 08:23:39,435 - __main__ - INFO - Token value: 
2024-07-18 08:23:11,661 - __main__ - INFO - Token value: 
2024-07-19 08:22:44,563 - __main__ - INFO - Token value: 
2024-07-20 08:21:02,072 - __main__ - INFO - Token value: 
2024-07-21 08:21:05,171 - __main__ - INFO - Token value: 
2024-07-22 08:24:54,185 - __main__ - INFO - Token value: 
2024-07-23 08:24:51,005 - __main__ - INFO - Token value: 
2024-07-24 08:22:43,624 - __main__ - INFO - Token value: 
2024-07-25 08:23:58,814 - __main__ - INFO - Token value: 
2024-07-26 08:22:24,314 - __main__ - INFO - Token value: 
2024-07-27 08:20:58,612 - __main__ - INFO - Token value: 
2024-07-28 08:20:38,369 - __main__ - INFO - Token value: 
2024-07-29 08:24:12,742 - __main__ - INFO - Token value: 
2024-07-30 08:22:44,149 - __main__ - INFO - Token value: 
2024-07-31 08:21:22,323 - __main__ - INFO - Token value: 
2024-08-01 08:23:52,698 - __main__ - INFO - Token value: 
2024-08-02 08:22:58,418 - __main__ - INFO - Token value: 
2024-08-03 08:22:50,433 - __main__ - INFO - Token value: 
2024-08-04 08:20:46,559 - __main__ - INFO - Token value: 
2024-08-05 08:24:10,361 - __main__ - INFO - Token value: 
2024-08-06 08:23:03,054 - __main__ - INFO - Token value: 
2024-08-07 08:23:23,568 - __main__ - INFO - Token value: 
2024-08-08 08:23:47,307 - __main__ - INFO - Token value: 
2024-08-09 08:24:11,154 - __main__ - INFO - Token value: 
2024-08-10 08:22:14,438 - __main__ - INFO - Token value: 
2024-08-11 08:21:22,423 - __main__ - INFO - Token value: 
2024-08-12 08:25:17,046 - __main__ - INFO - Token value: 
2024-08-13 08:23:40,074 - __main__ - INFO - Token value: 
2024-08-14 08:23:59,001 - __main__ - INFO - Token value: 
2024-08-15 08:23:37,200 - __main__ - INFO - Token value: 
2024-08-16 08:24:37,003 - __main__ - INFO - Token value: 
2024-08-17 08:21:56,828 - __main__ - INFO - Token value: 
2024-08-18 08:21:40,925 - __main__ - INFO - Token value: 
2024-08-19 08:24:14,781 - __main__ - INFO - Token value: 
2024-08-20 08:24:24,477 - __main__ - INFO - Token value: 
2024-08-21 08:24:21,994 - __main__ - INFO - Token value: 
2024-08-22 08:23:33,633 - __main__ - INFO - Token value: 
2024-08-23 08:24:30,666 - __main__ - INFO - Token value: 
2024-08-24 08:22:03,935 - __main__ - INFO - Token value: 
2024-08-25 08:22:12,654 - __main__ - INFO - Token value: 
2024-08-26 08:25:34,029 - __main__ - INFO - Token value: 
2024-08-27 08:24:57,998 - __main__ - INFO - Token value: 
2024-08-28 08:24:41,387 - __main__ - INFO - Token value: 
2024-08-29 08:24:59,812 - __main__ - INFO - Token value: 
2024-08-30 08:25:15,455 - __main__ - INFO - Token value: 
2024-08-31 08:24:42,489 - __main__ - INFO - Token value: 
2024-09-01 08:22:57,180 - __main__ - INFO - Token value: 
2024-09-02 08:25:55,746 - __main__ - INFO - Token value: 
2024-09-03 08:25:08,318 - __main__ - INFO - Token value: 
2024-09-04 08:23:40,534 - __main__ - INFO - Token value: 
2024-09-05 08:25:19,838 - __main__ - INFO - Token value: 
2024-09-06 08:25:05,063 - __main__ - INFO - Token value: 
2024-09-07 08:22:35,079 - __main__ - INFO - Token value: 
2024-09-08 08:22:35,422 - __main__ - INFO - Token value: 
2024-09-09 08:27:06,993 - __main__ - INFO - Token value: 
2024-09-10 08:25:39,805 - __main__ - INFO - Token value: 
2024-09-11 08:29:15,048 - __main__ - INFO - Token value: 
2024-09-12 08:25:05,224 - __main__ - INFO - Token value: 
2024-09-13 08:24:47,148 - __main__ - INFO - Token value: 
2024-09-14 08:25:22,944 - __main__ - INFO - Token value: 
2024-09-15 08:25:04,017 - __main__ - INFO - Token value: 
2024-09-16 08:26:47,112 - __main__ - INFO - Token value: 
2024-09-17 08:26:27,081 - __main__ - INFO - Token value: 
2024-09-18 08:23:53,349 - __main__ - INFO - Token value: 
2024-09-19 08:26:35,235 - __main__ - INFO - Token value: 
2024-09-20 08:25:58,379 - __main__ - INFO - Token value: 
2024-09-21 08:23:28,153 - __main__ - INFO - Token value: 
2024-09-22 08:23:16,658 - __main__ - INFO - Token value: 
2024-09-23 08:27:13,388 - __main__ - INFO - Token value: 
2024-09-24 08:27:20,389 - __main__ - INFO - Token value: 
2024-09-25 08:28:27,348 - __main__ - INFO - Token value: 
2024-09-26 08:26:59,515 - __main__ - INFO - Token value: 
2024-09-27 08:26:24,467 - __main__ - INFO - Token value: 
2024-09-28 08:24:43,949 - __main__ - INFO - Token value: 
2024-09-29 08:24:54,740 - __main__ - INFO - Token value: 
2024-09-30 08:28:49,092 - __main__ - INFO - Token value: 
2024-10-01 08:27:58,174 - __main__ - INFO - Token value: 
2024-10-02 08:26:57,096 - __main__ - INFO - Token value: 
2024-10-03 08:26:46,746 - __main__ - INFO - Token value: 
2024-10-04 08:26:29,044 - __main__ - INFO - Token value: 
2024-10-05 08:25:04,634 - __main__ - INFO - Token value: 
2024-10-06 08:24:12,313 - __main__ - INFO - Token value: 
2024-10-07 08:26:44,374 - __main__ - INFO - Token value: 
2024-10-08 08:27:14,077 - __main__ - INFO - Token value: 
2024-10-09 08:26:57,147 - __main__ - INFO - Token value: 
2024-10-10 08:26:29,023 - __main__ - INFO - Token value: 
2024-10-11 08:26:26,000 - __main__ - INFO - Token value: 
2024-10-12 08:24:09,533 - __main__ - INFO - Token value: 
2024-10-13 08:24:25,541 - __main__ - INFO - Token value: 
2024-10-14 08:27:29,679 - __main__ - INFO - Token value: 
2024-10-15 08:27:11,477 - __main__ - INFO - Token value: 
2024-10-16 08:27:28,165 - __main__ - INFO - Token value: 
2024-10-17 08:27:00,125 - __main__ - INFO - Token value: 
2024-10-18 08:26:40,153 - __main__ - INFO - Token value: 
2024-10-19 08:25:06,996 - __main__ - INFO - Token value: 
2024-10-20 08:26:49,537 - __main__ - INFO - Token value: 
2024-10-21 08:27:37,083 - __main__ - INFO - Token value: 
2024-10-22 08:26:56,626 - __main__ - INFO - Token value: 
2024-10-23 08:27:11,967 - __main__ - INFO - Token value: 
2024-10-24 08:26:51,901 - __main__ - INFO - Token value: 
2024-10-25 08:26:37,476 - __main__ - INFO - Token value: 
2024-10-26 08:24:12,701 - __main__ - INFO - Token value: 
2024-10-27 08:26:15,820 - __main__ - INFO - Token value: 
2024-10-28 08:27:52,442 - __main__ - INFO - Token value: 
2024-10-29 08:26:58,110 - __main__ - INFO - Token value: 
2024-10-30 08:29:03,034 - __main__ - INFO - Token value: 
2024-10-31 08:24:37,276 - __main__ - INFO - Token value: 
2024-11-01 08:26:09,799 - __main__ - INFO - Token value: 
2024-11-02 08:24:58,923 - __main__ - INFO - Token value: 
2024-11-03 08:23:38,078 - __main__ - INFO - Token value: 
2024-11-04 08:27:08,285 - __main__ - INFO - Token value: 
2024-11-05 08:26:10,649 - __main__ - INFO - Token value: 
2024-11-06 08:27:15,961 - __main__ - INFO - Token value: 
2024-11-07 08:25:47,377 - __main__ - INFO - Token value: 
2024-11-08 08:25:41,823 - __main__ - INFO - Token value: 
2024-11-09 08:24:43,298 - __main__ - INFO - Token value: 
2024-11-10 08:22:59,280 - __main__ - INFO - Token value: 
2024-11-11 08:26:53,768 - __main__ - INFO - Token value: 
2024-11-12 08:26:16,139 - __main__ - INFO - Token value: 
2024-11-13 08:27:07,261 - __main__ - INFO - Token value: 
2024-11-14 08:27:05,294 - __main__ - INFO - Token value: 
2024-11-15 08:27:14,380 - __main__ - INFO - Token value: 
2024-11-16 08:25:04,895 - __main__ - INFO - Token value: 
2024-11-17 08:24:19,186 - __main__ - INFO - Token value: 
2024-11-18 08:29:04,348 - __main__ - INFO - Token value: 
2024-11-19 08:28:08,800 - __main__ - INFO - Token value: 
2024-11-20 08:28:45,388 - __main__ - INFO - Token value: 
2024-11-21 08:27:41,470 - __main__ - INFO - Token value: 
2024-11-22 08:27:57,824 - __main__ - INFO - Token value: 
2024-11-23 08:25:18,373 - __main__ - INFO - Token value: 
2024-11-24 08:25:25,631 - __main__ - INFO - Token value: 
2024-11-25 08:29:19,160 - __main__ - INFO - Token value: 
2024-11-26 08:28:42,232 - __main__ - INFO - Token value: 
2024-11-27 08:29:16,632 - __main__ - INFO - Token value: 
2024-11-28 08:29:26,535 - __main__ - INFO - Token value: 
2024-11-29 08:28:36,247 - __main__ - INFO - Token value: 
2024-11-30 08:25:50,411 - __main__ - INFO - Token value: 
2024-12-01 08:26:20,189 - __main__ - INFO - Token value: 
2024-12-02 08:30:08,666 - __main__ - INFO - Token value: 
2024-12-03 08:28:51,625 - __main__ - INFO - Token value: 
2024-12-04 08:30:05,969 - __main__ - INFO - Token value: 
2024-12-05 08:29:23,636 - __main__ - INFO - Token value: 
2024-12-06 08:28:40,852 - __main__ - INFO - Token value: 
2024-12-07 08:26:20,968 - __main__ - INFO - Token value: 
2024-12-08 08:26:34,522 - __main__ - INFO - Token value: 
2024-12-09 08:30:48,190 - __main__ - INFO - Token value: 
2024-12-10 08:29:43,034 - __main__ - INFO - Token value: 
2024-12-11 08:29:57,422 - __main__ - INFO - Token value: 
2024-12-12 08:29:20,120 - __main__ - INFO - Token value: 
2024-12-13 08:29:04,657 - __main__ - INFO - Token value: 
2024-12-14 08:26:18,617 - __main__ - INFO - Token value: 
2024-12-15 08:26:19,788 - __main__ - INFO - Token value: 
2024-12-16 08:30:43,224 - __main__ - INFO - Token value: 
2024-12-17 08:29:39,921 - __main__ - INFO - Token value: 
2024-12-18 08:28:46,950 - __main__ - INFO - Token value: 
2024-12-19 08:28:19,139 - __main__ - INFO - Token value: 
2024-12-20 08:26:33,867 - __main__ - INFO - Token value: 
2024-12-21 08:23:59,697 - __main__ - INFO - Token value: 
2024-12-22 08:23:59,836 - __main__ - INFO - Token value: 
2024-12-23 08:27:07,917 - __main__ - INFO - Token value: 
2024-12-24 08:26:15,930 - __main__ - INFO - Token value: 
2024-12-25 08:26:25,918 - __main__ - INFO - Token value: 
2024-12-26 08:26:15,480 - __main__ - INFO - Token value: 
2024-12-27 08:26:08,116 - __main__ - INFO - Token value: 
2024-12-28 08:24:19,345 - __main__ - INFO - Token value: 
2024-12-29 08:24:35,470 - __main__ - INFO - Token value: 
2024-12-30 08:26:48,854 - __main__ - INFO - Token value: 
2024-12-31 08:26:05,872 - __main__ - INFO - Token value: 
2025-01-01 08:26:25,520 - __main__ - INFO - Token value: 
2025-01-02 08:26:12,920 - __main__ - INFO - Token value: 
2025-01-03 08:26:08,171 - __main__ - INFO - Token value: 
2025-01-04 08:24:44,368 - __main__ - INFO - Token value: 
2025-01-05 08:23:55,729 - __main__ - INFO - Token value: 
2025-01-06 08:27:16,050 - __main__ - INFO - Token value: 
2025-01-07 08:26:40,034 - __main__ - INFO - Token value: 
2025-01-08 08:26:54,245 - __main__ - INFO - Token value: 
2025-01-09 08:26:14,619 - __main__ - INFO - Token value: 
2025-01-10 08:26:32,864 - __main__ - INFO - Token value: 
2025-01-11 08:24:01,130 - __main__ - INFO - Token value: 
2025-01-12 08:23:55,350 - __main__ - INFO - Token value: 
2025-01-13 08:28:15,130 - __main__ - INFO - Token value: 
2025-01-14 08:26:01,582 - __main__ - INFO - Token value: 
2025-01-15 08:25:54,159 - __main__ - INFO - Token value: 
2025-01-16 08:25:10,517 - __main__ - INFO - Token value: 
2025-01-17 08:25:20,529 - __main__ - INFO - Token value: 
2025-01-18 08:23:00,814 - __main__ - INFO - Token value: 
2025-01-19 08:22:45,839 - __main__ - INFO - Token value: 
2025-01-20 08:27:00,541 - __main__ - INFO - Token value: 
2025-01-21 08:25:48,890 - __main__ - INFO - Token value: 
2025-01-22 08:26:42,693 - __main__ - INFO - Token value: 
2025-01-23 08:26:07,144 - __main__ - INFO - Token value: 
2025-01-24 08:25:50,566 - __main__ - INFO - Token value: 
2025-01-25 08:23:55,747 - __main__ - INFO - Token value: 
2025-01-26 08:22:21,250 - __main__ - INFO - Token value: 
2025-01-27 08:27:07,437 - __main__ - INFO - Token value: 
2025-01-28 08:25:54,499 - __main__ - INFO - Token value: 
2025-01-29 08:26:06,022 - __main__ - INFO - Token value: 
2025-01-30 08:24:59,642 - __main__ - INFO - Token value: 
2025-01-31 08:25:14,425 - __main__ - INFO - Token value: 
2025-02-01 08:23:15,563 - __main__ - INFO - Token value: 
2025-02-02 08:23:41,382 - __main__ - INFO - Token value: 
2025-02-03 08:26:46,389 - __main__ - INFO - Token value: 
2025-02-04 08:26:06,126 - __main__ - INFO - Token value: 
2025-02-05 08:24:46,983 - __main__ - INFO - Token value: 
2025-02-06 08:26:14,957 - __main__ - INFO - Token value: 
2025-02-07 08:25:39,610 - __main__ - INFO - Token value: 
2025-02-08 08:24:46,150 - __main__ - INFO - Token value: 
2025-02-09 08:23:21,671 - __main__ - INFO - Token value: 
2025-02-10 08:27:20,153 - __main__ - INFO - Token value: 
2025-02-11 08:26:19,567 - __main__ - INFO - Token value: 
2025-02-12 08:26:48,932 - __main__ - INFO - Token value: 
2025-02-13 08:26:24,953 - __main__ - INFO - Token value: 
2025-02-14 08:26:23,767 - __main__ - INFO - Token value: 
2025-02-15 08:23:45,627 - __main__ - INFO - Token value: 
2025-02-16 08:23:40,864 - __main__ - INFO - Token value: 
2025-02-17 08:28:04,060 - __main__ - INFO - Token value: 
2025-02-18 08:26:45,194 - __main__ - INFO - Token value: 
2025-02-19 08:27:31,654 - __main__ - INFO - Token value: 
2025-02-20 08:27:08,088 - __main__ - INFO - Token value: 
2025-02-21 08:26:31,972 - __main__ - INFO - Token value: 
2025-02-22 08:23:27,429 - __main__ - INFO - Token value: 
2025-02-23 08:25:24,394 - __main__ - INFO - Token value: 
2025-02-24 08:27:45,062 - __main__ - INFO - Token value: 
2025-02-25 08:27:25,484 - __main__ - INFO - Token value: 
2025-02-26 08:28:06,132 - __main__ - INFO - Token value: 
2025-02-27 08:27:28,188 - __main__ - INFO - Token value: 
2025-02-28 08:26:52,938 - __main__ - INFO - Token value: 
2025-03-01 08:24:58,199 - __main__ - INFO - Token value: 
2025-03-02 08:24:18,863 - __main__ - INFO - Token value: 
2025-03-04 08:25:56,943 - __main__ - INFO - Token value: 
2025-03-05 08:28:24,617 - __main__ - INFO - Token value: 
2025-03-06 08:27:44,281 - __main__ - INFO - Token value: 
2025-03-07 08:27:16,851 - __main__ - INFO - Token value: 
2025-03-08 08:21:31,996 - __main__ - INFO - Token value: 
2025-03-09 08:21:33,608 - __main__ - INFO - Token value: 
2025-03-10 08:23:38,647 - __main__ - INFO - Token value: 
2025-03-11 08:28:15,895 - __main__ - INFO - Token value: 
2025-03-12 08:29:06,788 - __main__ - INFO - Token value: 
2025-03-13 08:28:34,010 - __main__ - INFO - Token value: 
2025-03-14 08:27:21,634 - __main__ - INFO - Token value: 
2025-03-15 08:25:51,213 - __main__ - INFO - Token value: 
2025-03-16 08:25:23,402 - __main__ - INFO - Token value: 
2025-03-17 08:29:22,447 - __main__ - INFO - Token value: 
2025-03-18 08:28:47,757 - __main__ - INFO - Token value: 
2025-03-19 08:29:17,575 - __main__ - INFO - Token value: 
2025-03-20 08:28:34,506 - __main__ - INFO - Token value: 
2025-03-21 08:27:39,526 - __main__ - INFO - Token value: 
2025-03-22 08:25:21,925 - __main__ - INFO - Token value: 
2025-03-23 08:25:39,488 - __main__ - INFO - Token value: 
2025-03-24 08:29:43,362 - __main__ - INFO - Token value: 
2025-03-25 08:28:33,351 - __main__ - INFO - Token value: 
2025-03-26 08:29:34,531 - __main__ - INFO - Token value: 
2025-03-27 08:28:30,722 - __main__ - INFO - Token value: 
2025-03-28 08:28:34,366 - __main__ - INFO - Token value: 
2025-03-29 08:26:28,174 - __main__ - INFO - Token value: 
2025-03-30 08:25:44,897 - __main__ - INFO - Token value: 
2025-03-31 08:30:51,996 - __main__ - INFO - Token value: 
2025-04-01 08:30:07,003 - __main__ - INFO - Token value: 
2025-04-02 08:30:14,418 - __main__ - INFO - Token value: 
2025-04-03 08:29:50,580 - __main__ - INFO - Token value: 
2025-04-04 08:29:15,224 - __main__ - INFO - Token value: 
2025-04-05 08:25:35,392 - __main__ - INFO - Token value: 
2025-04-06 08:26:42,823 - __main__ - INFO - Token value: 
2025-04-07 08:30:44,228 - __main__ - INFO - Token value: 
2025-04-08 08:30:23,478 - __main__ - INFO - Token value: 
2025-04-09 08:31:52,167 - __main__ - INFO - Token value: 
2025-04-10 08:29:41,776 - __main__ - INFO - Token value: 
2025-04-11 08:29:43,312 - __main__ - INFO - Token value: 
2025-04-12 08:26:20,583 - __main__ - INFO - Token value: 
2025-04-13 08:26:19,946 - __main__ - INFO - Token value: 
2025-04-14 08:31:09,435 - __main__ - INFO - Token value: 
2025-04-15 08:31:07,228 - __main__ - INFO - Token value: 
2025-04-16 08:30:57,133 - __main__ - INFO - Token value: 
2025-04-17 08:30:12,257 - __main__ - INFO - Token value: 
2025-04-18 08:28:47,266 - __main__ - INFO - Token value: 
2025-04-19 08:25:55,263 - __main__ - INFO - Token value: 
2025-04-20 08:25:40,102 - __main__ - INFO - Token value: 
2025-04-21 08:30:57,687 - __main__ - INFO - Token value: 
2025-04-22 08:30:22,487 - __main__ - INFO - Token value: 
2025-04-23 08:30:18,424 - __main__ - INFO - Token value: 
2025-04-24 08:30:41,702 - __main__ - INFO - Token value: 
2025-04-25 08:29:56,050 - __main__ - INFO - Token value: 
2025-04-26 08:26:35,187 - __main__ - INFO - Token value: 
2025-04-27 08:26:26,846 - __main__ - INFO - Token value: 
2025-04-28 09:19:55,251 - __main__ - INFO - Token value: 
2025-04-29 08:31:58,907 - __main__ - INFO - Token value: 
2025-04-30 08:30:53,257 - __main__ - INFO - Token value: 
2025-05-01 08:29:34,304 - __main__ - INFO - Token value: 
2025-05-02 08:29:57,379 - __main__ - INFO - Token value: 
2025-05-03 08:26:45,517 - __main__ - INFO - Token value: 
2025-05-04 08:27:01,627 - __main__ - INFO - Token value: 
2025-05-05 08:32:13,464 - __main__ - INFO - Token value: 
2025-05-06 08:31:10,262 - __main__ - INFO - Token value: 
2025-05-07 08:31:53,012 - __main__ - INFO - Token value: 
2025-05-08 08:30:55,040 - __main__ - INFO - Token value: 
2025-05-09 08:30:52,856 - __main__ - INFO - Token value: 
2025-05-10 08:26:53,611 - __main__ - INFO - Token value: 
2025-05-11 08:27:36,106 - __main__ - INFO - Token value: 
2025-05-12 08:32:05,056 - __main__ - INFO - Token value: 
2025-05-13 08:31:55,316 - __main__ - INFO - Token value: 
2025-05-14 08:31:21,518 - __main__ - INFO - Token value: 
2025-05-15 08:31:38,764 - __main__ - INFO - Token value: 
2025-05-16 08:31:16,489 - __main__ - INFO - Token value: 
2025-05-17 08:27:31,974 - __main__ - INFO - Token value: 
2025-05-18 08:26:56,391 - __main__ - INFO - Token value: 
2025-05-19 08:33:16,156 - __main__ - INFO - Token value: 
2025-05-20 08:32:14,988 - __main__ - INFO - Token value: 
2025-05-21 08:31:31,096 - __main__ - INFO - Token value: 
2025-05-22 08:31:15,051 - __main__ - INFO - Token value: 
2025-05-23 08:31:20,585 - __main__ - INFO - Token value: 
2025-05-24 08:26:54,951 - __main__ - INFO - Token value: 
2025-05-25 08:28:02,167 - __main__ - INFO - Token value: 
2025-05-26 08:47:14,175 - __main__ - INFO - Token value: 
2025-05-27 08:31:19,627 - __main__ - INFO - Token value: 
2025-05-28 08:31:44,470 - __main__ - INFO - Token value: 
2025-05-29 08:31:36,159 - __main__ - INFO - Token value: 
2025-05-30 08:30:52,380 - __main__ - INFO - Token value: 
2025-05-31 08:28:25,204 - __main__ - INFO - Token value: 
2025-06-01 08:29:03,328 - __main__ - INFO - Token value: 
2025-06-02 08:33:10,110 - __main__ - INFO - Token value: 
2025-06-03 08:33:27,136 - __main__ - INFO - Token value: 
2025-06-04 08:32:26,903 - __main__ - INFO - Token value: 
2025-06-05 08:31:48,884 - __main__ - INFO - Token value: 
2025-06-06 08:30:58,171 - __main__ - INFO - Token value: 
2025-06-07 08:27:59,430 - __main__ - INFO - Token value: 
2025-06-08 08:28:00,428 - __main__ - INFO - Token value: 
2025-06-09 08:33:50,144 - __main__ - INFO - Token value: 
2025-06-10 08:32:44,896 - __main__ - INFO - Token value: 
2025-06-11 08:32:29,114 - __main__ - INFO - Token value: 
2025-06-12 08:32:17,104 - __main__ - INFO - Token value: 
2025-06-13 08:31:40,326 - __main__ - INFO - Token value: 
2025-06-14 08:27:59,227 - __main__ - INFO - Token value: 
2025-06-15 08:28:16,751 - __main__ - INFO - Token value: 
2025-06-16 08:33:23,831 - __main__ - INFO - Token value: 
2025-06-17 08:32:53,666 - __main__ - INFO - Token value: 
2025-06-18 08:32:15,620 - __main__ - INFO - Token value: 
2025-06-19 08:32:21,778 - __main__ - INFO - Token value: 
2025-06-20 08:31:37,781 - __main__ - INFO - Token value: 
2025-06-21 08:28:30,530 - __main__ - INFO - Token value: 
2025-06-22 08:29:05,290 - __main__ - INFO - Token value: 
2025-06-23 08:33:48,464 - __main__ - INFO - Token value: 
2025-06-24 08:33:13,898 - __main__ - INFO - Token value: 
2025-06-25 08:33:25,558 - __main__ - INFO - Token value: 
2025-06-26 08:32:52,193 - __main__ - INFO - Token value: 
2025-06-27 08:32:12,053 - __main__ - INFO - Token value: 
2025-06-28 08:29:02,546 - __main__ - INFO - Token value: 
2025-06-29 08:29:19,445 - __main__ - INFO - Token value: 
2025-06-30 08:33:32,567 - __main__ - INFO - Token value: 
2025-07-01 08:33:00,708 - __main__ - INFO - Token value: 
2025-07-02 08:33:03,364 - __main__ - INFO - Token value: 
2025-07-03 08:32:18,641 - __main__ - INFO - Token value: 
2025-07-04 08:32:11,314 - __main__ - INFO - Token value: 
2025-07-05 08:29:20,329 - __main__ - INFO - Token value: 
2025-07-06 08:29:01,126 - __main__ - INFO - Token value: 
2025-07-07 08:34:30,979 - __main__ - INFO - Token value: 
2025-07-08 08:33:13,379 - __main__ - INFO - Token value: 
2025-07-09 08:33:02,556 - __main__ - INFO - Token value: 
2025-07-10 08:33:06,984 - __main__ - INFO - Token value: 
2025-07-11 08:33:05,203 - __main__ - INFO - Token value: 
2025-07-12 08:29:34,339 - __main__ - INFO - Token value: 
2025-07-13 08:29:27,955 - __main__ - INFO - Token value: 
2025-07-14 08:36:42,485 - __main__ - INFO - Token value: 
2025-07-15 08:34:02,120 - __main__ - INFO - Token value: 
2025-07-16 08:34:07,058 - __main__ - INFO - Token value: 
2025-07-17 08:34:07,167 - __main__ - INFO - Token value: 
2025-07-18 08:33:46,483 - __main__ - INFO - Token value: 
2025-07-19 08:31:01,160 - __main__ - INFO - Token value: 
2025-07-20 08:30:38,865 - __main__ - INFO - Token value: 
2025-07-21 08:53:20,731 - __main__ - INFO - Token value: 
2025-07-22 08:35:14,831 - __main__ - INFO - Token value: 
2025-07-23 08:35:29,037 - __main__ - INFO - Token value: 
2025-07-24 08:34:49,460 - __main__ - INFO - Token value: 
2025-07-25 08:33:55,186 - __main__ - INFO - Token value: 
2025-07-26 08:30:57,483 - __main__ - INFO - Token value: 
2025-07-27 08:30:29,839 - __main__ - INFO - Token value: 
2025-07-28 08:36:47,368 - __main__ - INFO - Token value: 
2025-07-29 08:35:09,565 - __main__ - INFO - Token value: 
2025-07-30 08:35:32,555 - __main__ - INFO - Token value: 
2025-07-31 08:35:50,307 - __main__ - INFO - Token value: 
2025-08-01 08:35:31,186 - __main__ - INFO - Token value: 
2025-08-02 08:31:00,499 - __main__ - INFO - Token value: 
2025-08-03 08:31:17,076 - __main__ - INFO - Token value: 
2025-08-04 08:36:43,634 - __main__ - INFO - Token value: 
2025-08-05 08:36:11,593 - __main__ - INFO - Token value: 
2025-08-06 08:36:04,107 - __main__ - INFO - Token value: 
2025-08-07 08:35:57,288 - __main__ - INFO - Token value: 
2025-08-08 08:35:28,826 - __main__ - INFO - Token value: 
2025-08-09 08:30:27,537 - __main__ - INFO - Token value: 
2025-08-10 08:30:41,958 - __main__ - INFO - Token value: 
2025-08-11 08:36:19,829 - __main__ - INFO - Token value: 
2025-08-12 08:32:53,863 - __main__ - INFO - Token value: 
2025-08-13 08:33:40,351 - __main__ - INFO - Token value: 
2025-08-14 08:33:50,056 - __main__ - INFO - Token value: 
2025-08-15 08:32:23,484 - __main__ - INFO - Token value: 
2025-08-16 08:29:34,289 - __main__ - INFO - Token value: 
2025-08-17 08:30:37,581 - __main__ - INFO - Token value: 
2025-08-18 08:35:07,116 - __main__ - INFO - Token value: 
2025-08-19 08:31:30,416 - __main__ - INFO - Token value: 
2025-08-20 08:31:22,810 - __main__ - INFO - Token value: 
2025-08-21 08:30:55,016 - __main__ - INFO - Token value: 
2025-08-22 08:30:59,983 - __main__ - INFO - Token value: 
2025-08-23 08:27:34,740 - __main__ - INFO - Token value: 
2025-08-24 08:27:14,491 - __main__ - INFO - Token value: 
2025-08-25 08:33:39,577 - __main__ - INFO - Token value: 
2025-08-26 08:32:58,763 - __main__ - INFO - Token value: 
2025-08-27 08:30:25,171 - __main__ - INFO - Token value: 
2025-08-28 08:30:27,830 - __main__ - INFO - Token value: 
2025-08-29 08:30:07,814 - __main__ - INFO - Token value: 
2025-08-30 08:26:30,703 - __main__ - INFO - Token value: 
2025-08-31 08:26:11,300 - __main__ - INFO - Token value: 
2025-09-01 08:33:02,483 - __main__ - INFO - Token value: 
2025-09-02 08:30:51,570 - __main__ - INFO - Token value: 
2025-09-03 08:29:13,087 - __main__ - INFO - Token value: 
2025-09-04 08:29:13,903 - __main__ - INFO - Token value: 
2025-09-05 08:29:14,188 - __main__ - INFO - Token value: 
2025-09-06 08:25:12,324 - __main__ - INFO - Token value: 
2025-09-07 08:25:11,738 - __main__ - INFO - Token value: 
2025-09-08 08:32:51,882 - __main__ - INFO - Token value: 
2025-09-09 08:31:05,787 - __main__ - INFO - Token value: 
2025-09-10 08:30:40,148 - __main__ - INFO - Token value: 
2025-09-11 08:29:35,748 - __main__ - INFO - Token value: 
2025-09-12 08:29:00,611 - __main__ - INFO - Token value: 
2025-09-13 08:25:47,084 - __main__ - INFO - Token value: 
2025-09-14 08:26:08,994 - __main__ - INFO - Token value: 
2025-09-15 08:30:31,433 - __main__ - INFO - Token value: 
2025-09-16 08:30:59,959 - __main__ - INFO - Token value: 
2025-09-17 08:29:50,823 - __main__ - INFO - Token value: 
2025-09-18 08:29:18,519 - __main__ - INFO - Token value: 
2025-09-19 08:29:29,599 - __main__ - INFO - Token value: 
2025-09-20 08:27:03,898 - __main__ - INFO - Token value: 
2025-09-21 08:25:34,120 - __main__ - INFO - Token value: 
2025-09-22 08:31:53,119 - __main__ - INFO - Token value: 
2025-09-23 08:29:59,367 - __main__ - INFO - Token value: 
2025-09-24 08:30:50,885 - __main__ - INFO - Token value: 
2025-09-25 08:30:19,933 - __main__ - INFO - Token value: 
2025-09-26 08:30:39,230 - __main__ - INFO - Token value: 
2025-09-27 08:25:52,810 - __main__ - INFO - Token value: 
2025-09-28 08:26:04,538 - __main__ - INFO - Token value: 
2025-09-29 08:33:26,460 - __main__ - INFO - Token value: 
2025-09-30 08:32:23,316 - __main__ - INFO - Token value: 
2025-10-01 08:30:57,485 - __main__ - INFO - Token value: 
2025-10-02 08:29:03,302 - __main__ - INFO - Token value: 
2025-10-03 08:29:03,449 - __main__ - INFO - Token value: 
2025-10-04 08:26:09,087 - __main__ - INFO - Token value: 
2025-10-05 08:25:50,183 - __main__ - INFO - Token value: 
2025-10-06 08:30:53,521 - __main__ - INFO - Token value: 
2025-10-07 08:30:34,198 - __main__ - INFO - Token value: 
2025-10-08 08:31:02,842 - __main__ - INFO - Token value: 
2025-10-09 08:30:50,356 - __main__ - INFO - Token value: 
2025-10-10 08:30:19,178 - __main__ - INFO - Token value: 
2025-10-11 08:26:27,477 - __main__ - INFO - Token value: 
2025-10-12 08:26:39,897 - __main__ - INFO - Token value: 
2025-10-13 08:33:25,045 - __main__ - INFO - Token value: 
2025-10-14 08:29:48,099 - __main__ - INFO - Token value: 
2025-10-15 08:32:33,306 - __main__ - INFO - Token value: 
2025-10-16 08:32:47,954 - __main__ - INFO - Token value: 
2025-10-17 08:31:08,543 - __main__ - INFO - Token value: 
2025-10-18 08:27:48,224 - __main__ - INFO - Token value: 
2025-10-19 08:26:20,945 - __main__ - INFO - Token value: 
2025-10-20 08:31:32,860 - __main__ - INFO - Token value: 
2025-10-21 08:33:18,364 - __main__ - INFO - Token value: 
2025-10-22 08:33:52,405 - __main__ - INFO - Token value: 
2025-10-23 08:32:45,112 - __main__ - INFO - Token value: 
2025-10-24 08:31:04,583 - __main__ - INFO - Token value: 
2025-10-25 08:27:08,687 - __main__ - INFO - Token value: 
2025-10-26 08:27:31,432 - __main__ - INFO - Token value: 
2025-10-27 08:32:48,582 - __main__ - INFO - Token value: 
2025-10-28 08:32:30,304 - __main__ - INFO - Token value: 
2025-10-29 08:33:15,731 - __main__ - INFO - Token value: 
2025-10-30 08:31:03,325 - __main__ - INFO - Token value: 
2025-10-31 08:31:00,245 - __main__ - INFO - Token value: 
2025-11-01 08:27:17,607 - __main__ - INFO - Token value: 
2025-11-02 08:26:24,884 - __main__ - INFO - Token value: 
2025-11-03 08:33:41,004 - __main__ - INFO - Token value: 
2025-11-04 08:33:07,351 - __main__ - INFO - Token value: 
2025-11-05 08:32:56,100 - __main__ - INFO - Token value: 
2025-11-06 08:32:33,951 - __main__ - INFO - Token value: 
2025-11-07 08:32:14,915 - __main__ - INFO - Token value: 
2025-11-08 08:28:23,016 - __main__ - INFO - Token value: 
2025-11-09 08:26:47,026 - __main__ - INFO - Token value: 
2025-11-10 08:33:37,650 - __main__ - INFO - Token value: 
2025-11-11 08:31:58,913 - __main__ - INFO - Token value: 
2025-11-12 08:33:07,268 - __main__ - INFO - Token value: 
2025-11-13 08:32:13,553 - __main__ - INFO - Token value: 
2025-11-14 08:31:52,072 - __main__ - INFO - Token value: 
2025-11-15 08:28:14,472 - __main__ - INFO - Token value: 
2025-11-16 08:28:57,269 - __main__ - INFO - Token value: 
2025-11-17 08:34:56,338 - __main__ - INFO - Token value: 
2025-11-18 08:32:59,315 - __main__ - INFO - Token value: 
2025-11-19 08:32:41,371 - __main__ - INFO - Token value: 
2025-11-20 08:33:27,589 - __main__ - INFO - Token value: 
2025-11-21 08:33:55,388 - __main__ - INFO - Token value: 
2025-11-22 08:29:18,881 - __main__ - INFO - Token value: 
2025-11-23 08:29:37,169 - __main__ - INFO - Token value: 
2025-11-24 08:35:21,381 - __main__ - INFO - Token value: 
2025-11-25 08:34:18,090 - __main__ - INFO - Token value: 
2025-11-26 08:33:40,282 - __main__ - INFO - Token value: 
